<?xml version="1.0" encoding="UTF-8"?>
<testsuite xmlns:xsi="http://www.w3.org/2001/XMLSchema-instance" xsi:noNamespaceSchemaLocation="https://maven.apache.org/surefire/maven-surefire-plugin/xsd/surefire-test-report.xsd" name="com.cuenca.CuencaClientTest" time="0.416" tests="6" errors="0" skipped="0" failures="0">
  <properties>
    <property name="java.specification.version" value="17"/>
    <property name="sun.jnu.encoding" value="UTF-8"/>
    <property name="java.class.path" value="/Users/miguelacosta/Cuenca Dropbox/Miguel Acosta/Mac/Documents/Mike/CuencaApp/javaMike/prueba10-java/target/test-classes:/Users/miguelacosta/Cuenca Dropbox/Miguel Acosta/Mac/Documents/Mike/CuencaApp/javaMike/prueba10-java/target/classes:/Users/miguelacosta/.m2/repository/org/junit/jupiter/junit-jupiter/5.7.0/junit-jupiter-5.7.0.jar:/Users/miguelacosta/.m2/repository/org/junit/jupiter/junit-jupiter-api/5.7.0/junit-jupiter-api-5.7.0.jar:/Users/miguelacosta/.m2/repository/org/apiguardian/apiguardian-api/1.1.0/apiguardian-api-1.1.0.jar:/Users/miguelacosta/.m2/repository/org/opentest4j/opentest4j/1.2.0/opentest4j-1.2.0.jar:/Users/miguelacosta/.m2/repository/org/junit/platform/junit-platform-commons/1.7.0/junit-platform-commons-1.7.0.jar:/Users/miguelacosta/.m2/repository/org/junit/jupiter/junit-jupiter-params/5.7.0/junit-jupiter-params-5.7.0.jar:/Users/miguelacosta/.m2/repository/org/junit/jupiter/junit-jupiter-engine/5.7.0/junit-jupiter-engine-5.7.0.jar:/Users/miguelacosta/.m2/repository/org/junit/platform/junit-platform-engine/1.7.0/junit-platform-engine-1.7.0.jar:/Users/miguelacosta/.m2/repository/org/mockito/mockito-core/4.2.0/mockito-core-4.2.0.jar:/Users/miguelacosta/.m2/repository/net/bytebuddy/byte-buddy/1.12.4/byte-buddy-1.12.4.jar:/Users/miguelacosta/.m2/repository/net/bytebuddy/byte-buddy-agent/1.12.4/byte-buddy-agent-1.12.4.jar:/Users/miguelacosta/.m2/repository/org/objenesis/objenesis/3.2/objenesis-3.2.jar:"/>
    <property name="java.vm.vendor" value="Homebrew"/>
    <property name="sun.arch.data.model" value="64"/>
    <property name="java.vendor.url" value="https://github.com/Homebrew/homebrew-core/issues"/>
    <property name="os.name" value="Mac OS X"/>
    <property name="java.vm.specification.version" value="17"/>
    <property name="sun.java.launcher" value="SUN_STANDARD"/>
    <property name="user.country" value="419"/>
    <property name="sun.boot.library.path" value="/usr/local/Cellar/openjdk/17.0.2/libexec/openjdk.jdk/Contents/Home/lib"/>
    <property name="sun.java.command" value="/Users/miguelacosta/Cuenca Dropbox/Miguel Acosta/Mac/Documents/Mike/CuencaApp/javaMike/prueba10-java/target/surefire/surefirebooter17366096967405236240.jar /Users/miguelacosta/Cuenca Dropbox/Miguel Acosta/Mac/Documents/Mike/CuencaApp/javaMike/prueba10-java/target/surefire 2022-02-08T16-37-15_166-jvmRun1 surefire10908613220757581830tmp surefire_01436753444993721488tmp"/>
    <property name="http.nonProxyHosts" value="local|*.local|169.254/16|*.169.254/16"/>
    <property name="jdk.debug" value="release"/>
    <property name="surefire.test.class.path" value="/Users/miguelacosta/Cuenca Dropbox/Miguel Acosta/Mac/Documents/Mike/CuencaApp/javaMike/prueba10-java/target/test-classes:/Users/miguelacosta/Cuenca Dropbox/Miguel Acosta/Mac/Documents/Mike/CuencaApp/javaMike/prueba10-java/target/classes:/Users/miguelacosta/.m2/repository/org/junit/jupiter/junit-jupiter/5.7.0/junit-jupiter-5.7.0.jar:/Users/miguelacosta/.m2/repository/org/junit/jupiter/junit-jupiter-api/5.7.0/junit-jupiter-api-5.7.0.jar:/Users/miguelacosta/.m2/repository/org/apiguardian/apiguardian-api/1.1.0/apiguardian-api-1.1.0.jar:/Users/miguelacosta/.m2/repository/org/opentest4j/opentest4j/1.2.0/opentest4j-1.2.0.jar:/Users/miguelacosta/.m2/repository/org/junit/platform/junit-platform-commons/1.7.0/junit-platform-commons-1.7.0.jar:/Users/miguelacosta/.m2/repository/org/junit/jupiter/junit-jupiter-params/5.7.0/junit-jupiter-params-5.7.0.jar:/Users/miguelacosta/.m2/repository/org/junit/jupiter/junit-jupiter-engine/5.7.0/junit-jupiter-engine-5.7.0.jar:/Users/miguelacosta/.m2/repository/org/junit/platform/junit-platform-engine/1.7.0/junit-platform-engine-1.7.0.jar:/Users/miguelacosta/.m2/repository/org/mockito/mockito-core/4.2.0/mockito-core-4.2.0.jar:/Users/miguelacosta/.m2/repository/net/bytebuddy/byte-buddy/1.12.4/byte-buddy-1.12.4.jar:/Users/miguelacosta/.m2/repository/net/bytebuddy/byte-buddy-agent/1.12.4/byte-buddy-agent-1.12.4.jar:/Users/miguelacosta/.m2/repository/org/objenesis/objenesis/3.2/objenesis-3.2.jar:"/>
    <property name="sun.cpu.endian" value="little"/>
    <property name="user.home" value="/Users/miguelacosta"/>
    <property name="user.language" value="es"/>
    <property name="java.specification.vendor" value="Oracle Corporation"/>
    <property name="java.version.date" value="2022-01-18"/>
    <property name="java.home" value="/usr/local/Cellar/openjdk/17.0.2/libexec/openjdk.jdk/Contents/Home"/>
    <property name="file.separator" value="/"/>
    <property name="basedir" value="/Users/miguelacosta/Cuenca Dropbox/Miguel Acosta/Mac/Documents/Mike/CuencaApp/javaMike/prueba10-java"/>
    <property name="java.vm.compressedOopsMode" value="Zero based"/>
    <property name="line.separator" value="&#10;"/>
    <property name="java.specification.name" value="Java Platform API Specification"/>
    <property name="java.vm.specification.vendor" value="Oracle Corporation"/>
    <property name="surefire.real.class.path" value="/Users/miguelacosta/Cuenca Dropbox/Miguel Acosta/Mac/Documents/Mike/CuencaApp/javaMike/prueba10-java/target/surefire/surefirebooter17366096967405236240.jar"/>
    <property name="sun.management.compiler" value="HotSpot 64-Bit Tiered Compilers"/>
    <property name="ftp.nonProxyHosts" value="local|*.local|169.254/16|*.169.254/16"/>
    <property name="java.runtime.version" value="17.0.2+0"/>
    <property name="user.name" value="miguelacosta"/>
    <property name="path.separator" value=":"/>
    <property name="os.version" value="11.6.2"/>
    <property name="java.runtime.name" value="OpenJDK Runtime Environment"/>
    <property name="file.encoding" value="UTF-8"/>
    <property name="java.vm.name" value="OpenJDK 64-Bit Server VM"/>
    <property name="java.vendor.version" value="Homebrew"/>
    <property name="localRepository" value="/Users/miguelacosta/.m2/repository"/>
    <property name="java.vendor.url.bug" value="https://github.com/Homebrew/homebrew-core/issues"/>
    <property name="java.io.tmpdir" value="/var/folders/7y/vlp14yp11wn5qxh_sbtkgfdr0000gn/T/"/>
    <property name="java.version" value="17.0.2"/>
    <property name="user.dir" value="/Users/miguelacosta/Cuenca Dropbox/Miguel Acosta/Mac/Documents/Mike/CuencaApp/javaMike/prueba10-java"/>
    <property name="os.arch" value="x86_64"/>
    <property name="java.vm.specification.name" value="Java Virtual Machine Specification"/>
    <property name="native.encoding" value="UTF-8"/>
    <property name="java.library.path" value="/Users/miguelacosta/Library/Java/Extensions:/Library/Java/Extensions:/Network/Library/Java/Extensions:/System/Library/Java/Extensions:/usr/lib/java:."/>
    <property name="java.vm.info" value="mixed mode, sharing"/>
    <property name="java.vendor" value="Homebrew"/>
    <property name="java.vm.version" value="17.0.2+0"/>
    <property name="sun.io.unicode.encoding" value="UnicodeBig"/>
    <property name="socksNonProxyHosts" value="local|*.local|169.254/16|*.169.254/16"/>
    <property name="java.class.version" value="61.0"/>
  </properties>
  <testcase name="deleteClientWithBody" classname="com.cuenca.CuencaClientTest" time="0.038"/>
  <testcase name="deleteClient" classname="com.cuenca.CuencaClientTest" time="0.001"/>
  <testcase name="getClientWithBody" classname="com.cuenca.CuencaClientTest" time="0.002"/>
  <testcase name="patchClient" classname="com.cuenca.CuencaClientTest" time="0.001"/>
  <testcase name="getClient" classname="com.cuenca.CuencaClientTest" time="0.001"/>
  <testcase name="postClient" classname="com.cuenca.CuencaClientTest" time="0.001"/>
</testsuite>